<?xml version="1.0" encoding="UTF-8"?>
<!-- Generated by org.testng.reporters.JUnitReportReporter -->
<testsuite skipped="0" hostname="LAPTOP-91SG2SI1" name="cfie.Chrome" tests="1" failures="0" timestamp="13 Aug 2017 20:01:16 GMT" time="5.500" errors="0">
  <testcase name="ChromeTest" time="5.500" classname="cfie.Chrome"/>
</testsuite> <!-- cfie.Chrome -->
