<?xml version="1.0" encoding="UTF-8"?>
<!-- Generated by org.testng.reporters.JUnitReportReporter -->
<testsuite skipped="0" hostname="Marat-PC" name="mmm.Chrome" tests="1" failures="0" timestamp="12 Aug 2017 07:43:32 GMT" time="4.532" errors="0">
  <testcase name="Chrome" time="4.532" classname="mmm.Chrome"/>
</testsuite> <!-- mmm.Chrome -->
