<?xml version="1.0" encoding="UTF-8"?>
<!-- Generated by org.testng.reporters.JUnitReportReporter -->
<testsuite skipped="0" hostname="Marat-PC" name="mmm.IE" tests="1" failures="0" timestamp="12 Aug 2017 07:36:38 GMT" time="5.279" errors="0">
  <testcase name="IE" time="5.279" classname="mmm.IE"/>
</testsuite> <!-- mmm.IE -->
