<?xml version="1.0" encoding="UTF-8"?>
<!-- Generated by org.testng.reporters.JUnitReportReporter -->
<testsuite skipped="0" hostname="LAPTOP-91SG2SI1" name="cfie.Chrome" tests="1" failures="0" timestamp="13 Aug 2017 18:42:47 GMT" time="6.583" errors="0">
  <testcase name="ChromeTest" time="6.583" classname="cfie.Chrome"/>
</testsuite> <!-- cfie.Chrome -->
