<?xml version="1.0" encoding="UTF-8"?>
<!-- Generated by org.testng.reporters.JUnitReportReporter -->
<testsuite skipped="0" hostname="LAPTOP-91SG2SI1" name="mmm.Smoke" tests="1" failures="0" timestamp="10 Aug 2017 04:27:25 GMT" time="0.000" errors="0">
  <testcase name="f" time="0.000" classname="mmm.Smoke"/>
</testsuite> <!-- mmm.Smoke -->
