<?xml version="1.0" encoding="UTF-8"?>
<!-- Generated by org.testng.reporters.JUnitReportReporter -->
<testsuite skipped="0" hostname="Marat-PC" name="mmm.Firefox" tests="1" failures="0" timestamp="12 Aug 2017 07:36:38 GMT" time="4.611" errors="0">
  <testcase name="Firefox" time="4.611" classname="mmm.Firefox"/>
</testsuite> <!-- mmm.Firefox -->
