<?xml version="1.0" encoding="UTF-8"?>
<!-- Generated by org.testng.reporters.JUnitReportReporter -->
<testsuite skipped="0" hostname="LAPTOP-91SG2SI1" name="mmm.MmmTest" tests="1" failures="0" timestamp="10 Aug 2017 02:00:02 GMT" time="0.013" errors="0">
  <testcase name="f" time="0.013" classname="mmm.MmmTest"/>
</testsuite> <!-- mmm.MmmTest -->
