<?xml version="1.0" encoding="UTF-8"?>
<!-- Generated by org.testng.reporters.JUnitReportReporter -->
<testsuite skipped="0" hostname="LAPTOP-91SG2SI1" name="cfie.IE" tests="1" failures="0" timestamp="13 Aug 2017 18:42:47 GMT" time="7.682" errors="0">
  <testcase name="IETest" time="7.682" classname="cfie.IE"/>
</testsuite> <!-- cfie.IE -->
