<?xml version="1.0" encoding="UTF-8"?>
<!-- Generated by org.testng.reporters.JUnitReportReporter -->
<testsuite skipped="0" hostname="LAPTOP-91SG2SI1" name="cfie.Firefox" tests="1" failures="0" timestamp="13 Aug 2017 18:42:47 GMT" time="4.855" errors="0">
  <testcase name="FirefoxTest" time="4.855" classname="cfie.Firefox"/>
</testsuite> <!-- cfie.Firefox -->
